This is pdfTeX, Version 3.1415926-2.5-1.40.14 (TeX Live 2013/Debian) (format=pdflatex 2015.5.19)  15 JUL 2015 16:30
entering extended mode
 restricted \write18 enabled.
 Source specials enabled.
 %&-line parsing enabled.
**MohammadShayganfar-IJSR2015.tex
(./MohammadShayganfar-IJSR2015.tex
LaTeX2e <2011/06/27>
Babel <3.9h> and hyphenation patterns for 2 languages loaded.

LaTeX Warning: File `example.eps' already exists on the system.
               Not generating it from this source.

(/usr/share/texlive/texmf-dist/tex/latex/base/fix-cm.sty
Package: fix-cm 2006/09/13 v1.1m fixes to LaTeX

(/usr/share/texlive/texmf-dist/tex/latex/base/ts1enc.def
File: ts1enc.def 2001/06/05 v3.0e (jk/car/fm) Standard LaTeX file
)) (./svjour3.cls
Document Class: svjour3 2007/05/08 v3.2 
LaTeX document class for Springer journals
Class Springer-SVJour3 Info: extra/valid Springer sub-package (-> *.clo) 
(Springer-SVJour3)           not found in option list of \documentclass
(Springer-SVJour3)           - autoactivating "global" style.
(./svglov3.clo
File: svglov3.clo 2009/12/18 v3.2 style option for standardised journals

SVJour Class option: svglov3.clo for standardised journals
)
LaTeX Font Info:    Redeclaring math symbol \Gamma on input line 147.
LaTeX Font Info:    Redeclaring math symbol \Delta on input line 148.
LaTeX Font Info:    Redeclaring math symbol \Theta on input line 149.
LaTeX Font Info:    Redeclaring math symbol \Lambda on input line 150.
LaTeX Font Info:    Redeclaring math symbol \Xi on input line 151.
LaTeX Font Info:    Redeclaring math symbol \Pi on input line 152.
LaTeX Font Info:    Redeclaring math symbol \Sigma on input line 153.
LaTeX Font Info:    Redeclaring math symbol \Upsilon on input line 154.
LaTeX Font Info:    Redeclaring math symbol \Phi on input line 155.
LaTeX Font Info:    Redeclaring math symbol \Psi on input line 156.
LaTeX Font Info:    Redeclaring math symbol \Omega on input line 157.
\logodepth=\dimen102
\headerboxheight=\dimen103
\betweenumberspace=\dimen104
\aftertext=\dimen105
\headlineindent=\dimen106
\c@inst=\count79
\c@auth=\count80
\instindent=\dimen107
\authrun=\box26
\authorrunning=\toks14
\titrun=\box27
\titlerunning=\toks15
\combirun=\box28
\c@lastpage=\count81
\rubricwidth=\dimen108
\c@section=\count82
\c@subsection=\count83
\c@subsubsection=\count84
\c@paragraph=\count85
\c@subparagraph=\count86
\spthmsep=\dimen109
\c@theorem=\count87
\c@case=\count88
\c@conjecture=\count89
\c@corollary=\count90
\c@definition=\count91
\c@example=\count92
\c@exercise=\count93
\c@lemma=\count94
\c@note=\count95
\c@problem=\count96
\c@property=\count97
\c@proposition=\count98
\c@question=\count99
\c@solution=\count100
\c@remark=\count101
\c@figure=\count102
\c@table=\count103
\abovecaptionskip=\skip41
\belowcaptionskip=\skip42
\figcapgap=\dimen110
\tabcapgap=\dimen111
\figgap=\dimen112
\bibindent=\dimen113
\@tempcntc=\count104
) (/usr/share/texlive/texmf-dist/tex/latex/graphics/graphicx.sty
Package: graphicx 1999/02/16 v1.0f Enhanced LaTeX Graphics (DPC,SPQR)

(/usr/share/texlive/texmf-dist/tex/latex/graphics/keyval.sty
Package: keyval 1999/03/16 v1.13 key=value parser (DPC)
\KV@toks@=\toks16
)
(/usr/share/texlive/texmf-dist/tex/latex/graphics/graphics.sty
Package: graphics 2009/02/05 v1.0o Standard LaTeX Graphics (DPC,SPQR)

(/usr/share/texlive/texmf-dist/tex/latex/graphics/trig.sty
Package: trig 1999/03/16 v1.09 sin cos tan (DPC)
)
(/usr/share/texlive/texmf-dist/tex/latex/latexconfig/graphics.cfg
File: graphics.cfg 2010/04/23 v1.9 graphics configuration of TeX Live
)
Package graphics Info: Driver file: pdftex.def on input line 91.

(/usr/share/texlive/texmf-dist/tex/latex/pdftex-def/pdftex.def
File: pdftex.def 2011/05/27 v0.06d Graphics/color for pdfTeX

(/usr/share/texlive/texmf-dist/tex/generic/oberdiek/infwarerr.sty
Package: infwarerr 2010/04/08 v1.3 Providing info/warning/error messages (HO)
)
(/usr/share/texlive/texmf-dist/tex/generic/oberdiek/ltxcmds.sty
Package: ltxcmds 2011/11/09 v1.22 LaTeX kernel commands for general use (HO)
)
\Gread@gobject=\count105
))
\Gin@req@height=\dimen114
\Gin@req@width=\dimen115
)
(./varwidth.sty
Package: varwidth 2009/03/30 ver 0.92;  Variable-width minipages
\@vwid@box=\box29
\sift@deathcycles=\count106
\@vwid@loff=\dimen116
\@vwid@roff=\dimen117
) (/usr/share/texlive/texmf-dist/tex/latex/setspace/setspace.sty
Package: setspace 2011/12/19 v6.7a set line spacing
) (./perpage.sty
Package: perpage 2014/10/25 2.0 Reset/sort counters per page
\c@abspage=\count107
) (/usr/share/texlive/texmf-dist/tex/latex/tools/enumerate.sty
Package: enumerate 1999/03/05 v3.00 enumerate extensions (DPC)
\@enLab=\toks17
)
\c@pp@a@footnote=\count108
(./MohammadShayganfar-IJSR2015.aux

LaTeX Warning: Label `sec:tom-mech' multiply defined.

)
\openout1 = `MohammadShayganfar-IJSR2015.aux'.

LaTeX Font Info:    Checking defaults for OML/cmm/m/it on input line 70.
LaTeX Font Info:    ... okay on input line 70.
LaTeX Font Info:    Checking defaults for T1/cmr/m/n on input line 70.
LaTeX Font Info:    ... okay on input line 70.
LaTeX Font Info:    Checking defaults for OT1/cmr/m/n on input line 70.
LaTeX Font Info:    ... okay on input line 70.
LaTeX Font Info:    Checking defaults for OMS/cmsy/m/n on input line 70.
LaTeX Font Info:    ... okay on input line 70.
LaTeX Font Info:    Checking defaults for OMX/cmex/m/n on input line 70.
LaTeX Font Info:    ... okay on input line 70.
LaTeX Font Info:    Checking defaults for U/cmr/m/n on input line 70.
LaTeX Font Info:    ... okay on input line 70.
LaTeX Font Info:    Checking defaults for TS1/cmr/m/n on input line 70.
LaTeX Font Info:    ... okay on input line 70.

Unknown journal: specify \journalname{<name of your journal>} in preambel

(/usr/share/texlive/texmf-dist/tex/context/base/supp-pdf.mkii
[Loading MPS to PDF converter (version 2006.09.02).]
\scratchcounter=\count109
\scratchdimen=\dimen118
\scratchbox=\box30
\nofMPsegments=\count110
\nofMParguments=\count111
\everyMPshowfont=\toks18
\MPscratchCnt=\count112
\MPscratchDim=\dimen119
\MPnumerator=\count113
\makeMPintoPDFobject=\count114
\everyMPtoPDFconversion=\toks19
) (/usr/share/texlive/texmf-dist/tex/generic/oberdiek/pdftexcmds.sty
Package: pdftexcmds 2011/11/29 v0.20 Utility functions of pdfTeX for LuaTeX (HO
)

(/usr/share/texlive/texmf-dist/tex/generic/oberdiek/ifluatex.sty
Package: ifluatex 2010/03/01 v1.3 Provides the ifluatex switch (HO)
Package ifluatex Info: LuaTeX not detected.
)
(/usr/share/texlive/texmf-dist/tex/generic/oberdiek/ifpdf.sty
Package: ifpdf 2011/01/30 v2.3 Provides the ifpdf switch (HO)
Package ifpdf Info: pdfTeX in PDF mode is detected.
)
Package pdftexcmds Info: LuaTeX not detected.
Package pdftexcmds Info: \pdf@primitive is available.
Package pdftexcmds Info: \pdf@ifprimitive is available.
Package pdftexcmds Info: \pdfdraftmode found.
)
(/usr/share/texlive/texmf-dist/tex/latex/oberdiek/epstopdf-base.sty
Package: epstopdf-base 2010/02/09 v2.5 Base part for package epstopdf

(/usr/share/texlive/texmf-dist/tex/latex/oberdiek/grfext.sty
Package: grfext 2010/08/19 v1.1 Manage graphics extensions (HO)

(/usr/share/texlive/texmf-dist/tex/generic/oberdiek/kvdefinekeys.sty
Package: kvdefinekeys 2011/04/07 v1.3 Define keys (HO)
))
(/usr/share/texlive/texmf-dist/tex/latex/oberdiek/kvoptions.sty
Package: kvoptions 2011/06/30 v3.11 Key value format for package options (HO)

(/usr/share/texlive/texmf-dist/tex/generic/oberdiek/kvsetkeys.sty
Package: kvsetkeys 2012/04/25 v1.16 Key value parser (HO)

(/usr/share/texlive/texmf-dist/tex/generic/oberdiek/etexcmds.sty
Package: etexcmds 2011/02/16 v1.5 Avoid name clashes with e-TeX commands (HO)
Package etexcmds Info: Could not find \expanded.
(etexcmds)             That can mean that you are not using pdfTeX 1.50 or
(etexcmds)             that some package has redefined \expanded.
(etexcmds)             In the latter case, load this package earlier.
)))
Package grfext Info: Graphics extension search list:
(grfext)             [.png,.pdf,.jpg,.mps,.jpeg,.jbig2,.jb2,.PNG,.PDF,.JPG,.JPE
G,.JBIG2,.JB2,.eps]
(grfext)             \AppendGraphicsExtensions on input line 452.

(/usr/share/texlive/texmf-dist/tex/latex/latexconfig/epstopdf-sys.cfg
File: epstopdf-sys.cfg 2010/07/13 v1.3 Configuration of (r)epstopdf for TeX Liv
e
))
SVJour3 warning: Missing \journalname
LaTeX Font Info:    External font `cmex10' loaded for size
(Font)              <7> on input line 102.
LaTeX Font Info:    External font `cmex10' loaded for size
(Font)              <5> on input line 102.
LaTeX Font Info:    External font `cmex10' loaded for size
(Font)              <8> on input line 102.
LaTeX Font Info:    External font `cmex10' loaded for size
(Font)              <6> on input line 102.
[1{/var/lib/texmf/fonts/map/pdftex/updmap/pdftex.map}] [2] [3]
Underfull \hbox (badness 10000) in paragraph at lines 271--274

 []


Underfull \hbox (badness 10000) in paragraph at lines 279--280

 []


Underfull \hbox (badness 10000) in paragraph at lines 281--283

 []


Underfull \hbox (badness 10000) in paragraph at lines 284--288

 []

[4]
Underfull \hbox (badness 10000) in paragraph at lines 333--336

 []


Underfull \hbox (badness 10000) in paragraph at lines 340--341

 []


Underfull \hbox (badness 10000) in paragraph at lines 342--344

 []


Underfull \hbox (badness 10000) in paragraph at lines 345--347

 []


Underfull \hbox (badness 10000) in paragraph at lines 348--350

 []

[5]
Underfull \hbox (badness 10000) in paragraph at lines 351--353

 []


Underfull \hbox (badness 10000) in paragraph at lines 354--356

 []


Underfull \hbox (badness 10000) in paragraph at lines 363--364

 []

[6]
Underfull \hbox (badness 10000) in paragraph at lines 425--428

 []


Underfull \hbox (badness 10000) in paragraph at lines 431--432

 []


Underfull \hbox (badness 10000) in paragraph at lines 433--435

 []


Underfull \hbox (badness 10000) in paragraph at lines 436--438

 []

[7]
Underfull \hbox (badness 10000) in paragraph at lines 484--487

 []


Underfull \hbox (badness 10000) in paragraph at lines 491--492

 []


Underfull \hbox (badness 10000) in paragraph at lines 493--495

 []


Underfull \hbox (badness 10000) in paragraph at lines 496--499

 []


Underfull \hbox (badness 10000) in paragraph at lines 500--502

 []


Underfull \hbox (badness 10000) in paragraph at lines 503--506

 []


Underfull \hbox (badness 10000) in paragraph at lines 507--509

 []


Underfull \hbox (badness 10000) in paragraph at lines 514--515

 []

[8]
Underfull \hbox (badness 10000) in paragraph at lines 516--518

 []


Underfull \hbox (badness 10000) in paragraph at lines 521--522

 []

[9] <figure/theory-general-croped.pdf, id=39, 430.60875pt x 294.09875pt>
File: figure/theory-general-croped.pdf Graphic file (type pdf)

<use figure/theory-general-croped.pdf>
Package pdftex.def Info: figure/theory-general-croped.pdf used on input line 61
9.
(pdftex.def)             Requested size: 335.87346pt x 229.39609pt.
 [10] [11 <./figure/theory-general-croped.pdf>] [12] [13] [14] [15]
Underfull \hbox (badness 10000) in paragraph at lines 865--868

 []


Underfull \hbox (badness 10000) in paragraph at lines 869--873

 []


Underfull \hbox (badness 10000) in paragraph at lines 869--873

 []


Underfull \hbox (badness 10000) in paragraph at lines 875--877

 []


Underfull \hbox (badness 10000) in paragraph at lines 895--896

 []

[16]
Underfull \hbox (badness 10000) in paragraph at lines 913--918

 []


Underfull \hbox (badness 10000) in paragraph at lines 935--937

 []


Underfull \hbox (badness 10000) in paragraph at lines 938--944

 []


Underfull \hbox (badness 10000) in paragraph at lines 954--968

 []

[17]
Underfull \hbox (badness 10000) in paragraph at lines 969--981

 []


Underfull \hbox (badness 10000) in paragraph at lines 982--986

 []


Underfull \hbox (badness 10000) in paragraph at lines 987--992

 []


Underfull \hbox (badness 10000) in paragraph at lines 993--996

 []


Underfull \hbox (badness 10000) in paragraph at lines 1014--1018

 []

[18]
Underfull \hbox (badness 10000) in paragraph at lines 1019--1023

 []


Underfull \hbox (badness 10000) in paragraph at lines 1024--1029

 []


Underfull \hbox (badness 10000) in paragraph at lines 1042--1045

 []


Underfull \hbox (badness 10000) in paragraph at lines 1046--1054

 []


Underfull \hbox (badness 10000) in paragraph at lines 1055--1060

 []


Underfull \hbox (badness 10000) in paragraph at lines 1061--1065

 []


Underfull \hbox (badness 10000) in paragraph at lines 1073--1079

 []

[19]
Underfull \hbox (badness 10000) in paragraph at lines 1080--1084

 []


Underfull \hbox (badness 10000) in paragraph at lines 1085--1087

 []


Underfull \hbox (badness 10000) in paragraph at lines 1109--1113

 []


Underfull \hbox (badness 10000) in paragraph at lines 1114--1119

 []

[20]
Underfull \hbox (badness 10000) in paragraph at lines 1134--1135

 []


Underfull \hbox (badness 10000) in paragraph at lines 1136--1145

 []


Underfull \hbox (badness 10000) in paragraph at lines 1155--1168

 []


Underfull \hbox (badness 10000) in paragraph at lines 1169--1175

 []


Underfull \hbox (badness 10000) in paragraph at lines 1176--1180

 []


Underfull \hbox (badness 10000) in paragraph at lines 1181--1184

 []

[21]
Underfull \hbox (badness 10000) in paragraph at lines 1185--1188

 []


Underfull \hbox (badness 10000) in paragraph at lines 1189--1194

 []


Underfull \hbox (badness 10000) in paragraph at lines 1195--1198

 []


Underfull \hbox (badness 10000) in paragraph at lines 1199--1204

 []


Underfull \hbox (badness 10000) in paragraph at lines 1205--1208

 []


Underfull \hbox (badness 10000) in paragraph at lines 1218--1221

 []


Underfull \hbox (badness 10000) in paragraph at lines 1222--1229

 []


Underfull \hbox (badness 10000) in paragraph at lines 1230--1236

 []


Underfull \hbox (badness 10000) in paragraph at lines 1237--1241

 []

[22]
Underfull \hbox (badness 10000) in paragraph at lines 1242--1245

 []


Underfull \hbox (badness 10000) in paragraph at lines 1246--1249

 []


Underfull \hbox (badness 10000) in paragraph at lines 1250--1253

 []


Underfull \hbox (badness 10000) in paragraph at lines 1254--1261

 []


Underfull \hbox (badness 10000) in paragraph at lines 1262--1264

 []


Underfull \hbox (badness 10000) in paragraph at lines 1265--1269

 []

[23]
Underfull \hbox (badness 10000) in paragraph at lines 1310--1316

 []


Underfull \hbox (badness 10000) in paragraph at lines 1317--1321

 []


Underfull \hbox (badness 10000) in paragraph at lines 1328--1333

 []


Underfull \hbox (badness 10000) in paragraph at lines 1334--1347

 []

[24]
Underfull \hbox (badness 10000) in paragraph at lines 1348--1353

 []


Underfull \hbox (badness 10000) in paragraph at lines 1354--1366

 []


Underfull \hbox (badness 10000) in paragraph at lines 1367--1373

 []


Underfull \hbox (badness 10000) in paragraph at lines 1374--1377

 []


Underfull \hbox (badness 10000) in paragraph at lines 1378--1382

 []


Underfull \hbox (badness 10000) in paragraph at lines 1383--1386

 []


Underfull \hbox (badness 10000) in paragraph at lines 1387--1396

 []

[25]
Underfull \hbox (badness 10000) in paragraph at lines 1405--1405

 []


Underfull \hbox (badness 10000) in paragraph at lines 1405--1405

 []


Underfull \hbox (badness 10000) detected at line 1405

 []


Underfull \hbox (badness 10000) detected at line 1405

 []


Underfull \hbox (badness 10000) in paragraph at lines 1397--1406

 []


Underfull \hbox (badness 10000) in paragraph at lines 1407--1412

 []


Underfull \hbox (badness 10000) in paragraph at lines 1413--1421

 []


Underfull \hbox (badness 10000) in paragraph at lines 1451--1451

 []


Underfull \hbox (badness 10000) in paragraph at lines 1451--1451

 []


Underfull \hbox (badness 10000) in paragraph at lines 1451--1451

 []


Underfull \hbox (badness 10000) in paragraph at lines 1451--1451

 []


Underfull \hbox (badness 10000) in paragraph at lines 1451--1451

 []


Underfull \hbox (badness 10000) in paragraph at lines 1451--1451

 []


Underfull \hbox (badness 10000) in paragraph at lines 1451--1451

 []


Underfull \hbox (badness 10000) in paragraph at lines 1451--1451

 []


Underfull \hbox (badness 10000) detected at line 1451

 []


Underfull \hbox (badness 10000) detected at line 1451

 []


Underfull \hbox (badness 10000) detected at line 1451

 []


Underfull \hbox (badness 10000) detected at line 1451

 []


Underfull \hbox (badness 10000) detected at line 1451

 []


Underfull \hbox (badness 10000) detected at line 1451

 []


Underfull \hbox (badness 10000) detected at line 1451

 []


Underfull \hbox (badness 10000) detected at line 1451

 []


Underfull \hbox (badness 10000) in paragraph at lines 1422--1452

 []

[26]
Underfull \hbox (badness 10000) in paragraph at lines 1480--1511

 []

[27]
Underfull \hbox (badness 10000) in paragraph at lines 1536--1552

 []


Underfull \hbox (badness 10000) in paragraph at lines 1553--1558

 []


Underfull \hbox (badness 10000) in paragraph at lines 1559--1579

 []

[28] [29] (./MohammadShayganfar-IJSR2015.bbl [30]
Missing character: There is no â in font cmti8!
Missing character: There is no € in font cmti8!
Missing character: There is no ™ in font cmti8!
 [31] [32]
Missing character: There is no â in font cmti8!
Missing character: There is no € in font cmti8!
Missing character: There is no ™ in font cmti8!
) [33]
(./MohammadShayganfar-IJSR2015.aux)

LaTeX Warning: There were multiply-defined labels.

 ) 
Here is how much of TeX's memory you used:
 2431 strings out of 495028
 37408 string characters out of 6181497
 91490 words of memory out of 5000000
 5616 multiletter control sequences out of 15000+600000
 10550 words of font info for 36 fonts, out of 8000000 for 9000
 14 hyphenation exceptions out of 8191
 38i,8n,23p,277b,283s stack positions out of 5000i,500n,10000p,200000b,80000s
</usr/share/texlive/texmf-dist/fonts/type1/public/amsfonts/cm/cmbsy10.pfb></u
sr/share/texlive/texmf-dist/fonts/type1/public/amsfonts/cm/cmbx10.pfb></usr/sha
re/texlive/texmf-dist/fonts/type1/public/amsfonts/cm/cmbx12.pfb></usr/share/tex
live/texmf-dist/fonts/type1/public/amsfonts/cm/cmbx8.pfb></usr/share/texlive/te
xmf-dist/fonts/type1/public/amsfonts/cm/cmbxti10.pfb></usr/share/texlive/texmf-
dist/fonts/type1/public/amsfonts/cm/cmmi8.pfb></usr/share/texlive/texmf-dist/fo
nts/type1/public/amsfonts/cm/cmr10.pfb></usr/share/texlive/texmf-dist/fonts/typ
e1/public/amsfonts/cm/cmr8.pfb></usr/share/texlive/texmf-dist/fonts/type1/publi
c/amsfonts/cm/cmsy10.pfb></usr/share/texlive/texmf-dist/fonts/type1/public/amsf
onts/cm/cmsy8.pfb></usr/share/texlive/texmf-dist/fonts/type1/public/amsfonts/cm
/cmti10.pfb></usr/share/texlive/texmf-dist/fonts/type1/public/amsfonts/cm/cmti8
.pfb>
Output written on MohammadShayganfar-IJSR2015.pdf (33 pages, 275725 bytes).
PDF statistics:
 168 PDF objects out of 1000 (max. 8388607)
 115 compressed objects within 2 object streams
 0 named destinations out of 1000 (max. 500000)
 6 words of extra memory for PDF output out of 10000 (max. 10000000)

